<?xml version="1.0" encoding="UTF-8"?>
<testsuite xmlns:xsi="http://www.w3.org/2001/XMLSchema-instance" xsi:noNamespaceSchemaLocation="https://maven.apache.org/surefire/maven-surefire-plugin/xsd/surefire-test-report.xsd" name="com.infosys.attendance.zuul.ZuulServerApplicationTests" time="0.309" tests="1" errors="1" skipped="0" failures="0">
  <properties>
[...]
</properties>
  <testcase name="com.infosys.attendance.zuul.ZuulServerApplicationTests" classname="com.infosys.attendance.zuul.ZuulServerApplicationTests" time="0.307">
    <error message="Unable to find a @SpringBootConfiguration, you need to use @ContextConfiguration or @SpringBootTest(classes=...) with your test" type="java.lang.IllegalStateException">java.lang.IllegalStateException: Unable to find a @SpringBootConfiguration, you need to use @ContextConfiguration or @SpringBootTest(classes=...) with your test
</error>
    <system-out><![CDATA[01:08:42.830 [main] DEBUG org.springframework.test.context.BootstrapUtils - Instantiating CacheAwareContextLoaderDelegate from class [org.springframework.test.context.cache.DefaultCacheAwareContextLoaderDelegate]
01:08:42.846 [main] DEBUG org.springframework.test.context.BootstrapUtils - Instantiating BootstrapContext using constructor [public org.springframework.test.context.support.DefaultBootstrapContext(java.lang.Class,org.springframework.test.context.CacheAwareContextLoaderDelegate)]
01:08:42.874 [main] DEBUG org.springframework.test.context.BootstrapUtils - Instantiating TestContextBootstrapper for test class [com.infosys.attendance.zuul.ZuulServerApplicationTests] from class [org.springframework.boot.test.context.SpringBootTestContextBootstrapper]
01:08:42.889 [main] INFO org.springframework.boot.test.context.SpringBootTestContextBootstrapper - Neither @ContextConfiguration nor @ContextHierarchy found for test class [com.infosys.attendance.zuul.ZuulServerApplicationTests], using SpringBootContextLoader
01:08:42.893 [main] DEBUG org.springframework.test.context.support.AbstractContextLoader - Did not detect default resource location for test class [com.infosys.attendance.zuul.ZuulServerApplicationTests]: class path resource [com/infosys/attendance/zuul/ZuulServerApplicationTests-context.xml] does not exist
01:08:42.893 [main] DEBUG org.springframework.test.context.support.AbstractContextLoader - Did not detect default resource location for test class [com.infosys.attendance.zuul.ZuulServerApplicationTests]: class path resource [com/infosys/attendance/zuul/ZuulServerApplicationTestsContext.groovy] does not exist
01:08:42.894 [main] INFO org.springframework.test.context.support.AbstractContextLoader - Could not detect default resource locations for test class [com.infosys.attendance.zuul.ZuulServerApplicationTests]: no resource found for suffixes {-context.xml, Context.groovy}.
01:08:42.894 [main] INFO org.springframework.test.context.support.AnnotationConfigContextLoaderUtils - Could not detect default configuration classes for test class [com.infosys.attendance.zuul.ZuulServerApplicationTests]: ZuulServerApplicationTests does not declare any static, non-private, non-final, nested classes annotated with @Configuration.
01:08:42.938 [main] DEBUG org.springframework.test.context.support.ActiveProfilesUtils - Could not find an 'annotation declaring class' for annotation type [org.springframework.test.context.ActiveProfiles] and class [com.infosys.attendance.zuul.ZuulServerApplicationTests]
01:08:43.012 [main] DEBUG org.springframework.test.context.BootstrapUtils - Instantiating CacheAwareContextLoaderDelegate from class [org.springframework.test.context.cache.DefaultCacheAwareContextLoaderDelegate]
01:08:43.012 [main] DEBUG org.springframework.test.context.BootstrapUtils - Instantiating BootstrapContext using constructor [public org.springframework.test.context.support.DefaultBootstrapContext(java.lang.Class,org.springframework.test.context.CacheAwareContextLoaderDelegate)]
01:08:43.013 [main] DEBUG org.springframework.test.context.BootstrapUtils - Instantiating TestContextBootstrapper for test class [com.infosys.attendance.zuul.ZuulServerApplicationTests] from class [org.springframework.boot.test.context.SpringBootTestContextBootstrapper]
01:08:43.013 [main] INFO org.springframework.boot.test.context.SpringBootTestContextBootstrapper - Neither @ContextConfiguration nor @ContextHierarchy found for test class [com.infosys.attendance.zuul.ZuulServerApplicationTests], using SpringBootContextLoader
01:08:43.014 [main] DEBUG org.springframework.test.context.support.AbstractContextLoader - Did not detect default resource location for test class [com.infosys.attendance.zuul.ZuulServerApplicationTests]: class path resource [com/infosys/attendance/zuul/ZuulServerApplicationTests-context.xml] does not exist
01:08:43.015 [main] DEBUG org.springframework.test.context.support.AbstractContextLoader - Did not detect default resource location for test class [com.infosys.attendance.zuul.ZuulServerApplicationTests]: class path resource [com/infosys/attendance/zuul/ZuulServerApplicationTestsContext.groovy] does not exist
01:08:43.015 [main] INFO org.springframework.test.context.support.AbstractContextLoader - Could not detect default resource locations for test class [com.infosys.attendance.zuul.ZuulServerApplicationTests]: no resource found for suffixes {-context.xml, Context.groovy}.
01:08:43.015 [main] INFO org.springframework.test.context.support.AnnotationConfigContextLoaderUtils - Could not detect default configuration classes for test class [com.infosys.attendance.zuul.ZuulServerApplicationTests]: ZuulServerApplicationTests does not declare any static, non-private, non-final, nested classes annotated with @Configuration.
01:08:43.017 [main] DEBUG org.springframework.test.context.support.ActiveProfilesUtils - Could not find an 'annotation declaring class' for annotation type [org.springframework.test.context.ActiveProfiles] and class [com.infosys.attendance.zuul.ZuulServerApplicationTests]
01:08:43.051 [main] DEBUG org.springframework.test.context.BootstrapUtils - Instantiating CacheAwareContextLoaderDelegate from class [org.springframework.test.context.cache.DefaultCacheAwareContextLoaderDelegate]
01:08:43.051 [main] DEBUG org.springframework.test.context.BootstrapUtils - Instantiating BootstrapContext using constructor [public org.springframework.test.context.support.DefaultBootstrapContext(java.lang.Class,org.springframework.test.context.CacheAwareContextLoaderDelegate)]
01:08:43.052 [main] DEBUG org.springframework.test.context.BootstrapUtils - Instantiating TestContextBootstrapper for test class [com.infosys.attendance.zuul.ZuulServerApplicationTests] from class [org.springframework.boot.test.context.SpringBootTestContextBootstrapper]
01:08:43.053 [main] INFO org.springframework.boot.test.context.SpringBootTestContextBootstrapper - Neither @ContextConfiguration nor @ContextHierarchy found for test class [com.infosys.attendance.zuul.ZuulServerApplicationTests], using SpringBootContextLoader
01:08:43.054 [main] DEBUG org.springframework.test.context.support.AbstractContextLoader - Did not detect default resource location for test class [com.infosys.attendance.zuul.ZuulServerApplicationTests]: class path resource [com/infosys/attendance/zuul/ZuulServerApplicationTests-context.xml] does not exist
01:08:43.055 [main] DEBUG org.springframework.test.context.support.AbstractContextLoader - Did not detect default resource location for test class [com.infosys.attendance.zuul.ZuulServerApplicationTests]: class path resource [com/infosys/attendance/zuul/ZuulServerApplicationTestsContext.groovy] does not exist
01:08:43.055 [main] INFO org.springframework.test.context.support.AbstractContextLoader - Could not detect default resource locations for test class [com.infosys.attendance.zuul.ZuulServerApplicationTests]: no resource found for suffixes {-context.xml, Context.groovy}.
01:08:43.055 [main] INFO org.springframework.test.context.support.AnnotationConfigContextLoaderUtils - Could not detect default configuration classes for test class [com.infosys.attendance.zuul.ZuulServerApplicationTests]: ZuulServerApplicationTests does not declare any static, non-private, non-final, nested classes annotated with @Configuration.
01:08:43.057 [main] DEBUG org.springframework.test.context.support.ActiveProfilesUtils - Could not find an 'annotation declaring class' for annotation type [org.springframework.test.context.ActiveProfiles] and class [com.infosys.attendance.zuul.ZuulServerApplicationTests]
]]></system-out>
  </testcase>
</testsuite>